Arguments: 
  C:\Program Files\nodejs\node.exe C:\Program Files\Yarn\bin\yarn.js install

PATH: 
  C:\xampp\php;C:\Program Files\ActivIdentity\ActivClient\;C:\Program Files\Hewlett-Packard\IAM\bin;C:\Program Files\Common Files\Apple\Internet Services\;C:\ProgramData\ComposerSetup\bin;C:\Program Files\Git\cmd;C:\Program Files\Microsoft VS Code\bin;C:\Program Files\Yarn\bin\;C:\Program Files\PuTTY\;C:\Program Files\nodejs\;C:\Ruby24\bin;C:\Users\SUPER_GLOBAL\Downloads\Programs\PortableGit\bin;c:\Program Files\MongoDB\Server\3.2\bin;C:\Python27;C:\Users\SUPER_GLOBAL\AppData\Roaming\Composer\vendor\bin;C:\Program Files\Microsoft VS Code\bin;C:\Users\SUPER_GLOBAL\AppData\Local\Yarn\bin;C:\Users\SUPER_GLOBAL\AppData\Roaming\npm

Yarn version: 
  1.10.1

Node version: 
  8.14.0

Platform: 
  win32 ia32

Trace: 
  Error: connect ETIMEDOUT 104.16.19.35:443
      at TCPConnectWrap.afterConnect [as oncomplete] (net.js:1191:14)

npm manifest: 
  {
    "name": "fashlogue-api",
    "version": "1.0.0",
    "description": "This a digital catalog on and off the block chain with different Auth mechanism",
    "main": "index.js",
    "directories": {
      "test": "test"
    },
    "scripts": {
      "dev": "npm run watch-ts",
      "build-ts": "tsc -p src",
      "quick-build": "npm run build-ts && npm run serve",
      "serve": "SET NODE_ENV=development && node dist/server.js",
      "start-dev": "SET NODE_ENV=development && nodemon dist/server.js",
      "lint": "tslint src/**/*.ts -p tsconfig.json",
      "lint:fix": "tslint --fix -c tslint.json 'src/**/*{.ts}",
      "test": "cross-env NODE_ENV=test nyc --reporter=html ts-mocha --timeout 20000  -p  src/tsconfig.json --recursive src/**/*.test.ts",
      "test:integration": "cross-env NODE_ENV=test  ts-mocha --timeout 20000  -p  src/tsconfig.json src/test/integration/*.test.ts --exit",
      "coverage": "nyc npm run test:integration",
      "watch-ts": "tsc-watch -w -p src --onSuccess \"npm run serve\""
    },
    "nyc": {
      "extension": [
        ".ts"
      ],
      "include": [
        "src/**/*.ts",
        "src/*.ts"
      ],
      "exclude": [
        "**/*.d.ts",
        "typings"
      ],
      "require": [
        "ts-node/register"
      ],
      "reporter": [
        "html",
        "text-summary"
      ],
      "sourceMap": true,
      "instrument": true,
      "all": true
    },
    "keywords": [],
    "author": "",
    "license": "MIT",
    "dependencies": {
      "bcrypt-nodejs": "0.0.3",
      "body-parser": "^1.18.3",
      "compression": "^1.7.2",
      "cors": "^2.8.4",
      "coveralls": "^3.0.2",
      "dotenv": "^5.0.1",
      "express": "^4.15.3",
      "helmet": "^3.12.0",
      "http-status": "^1.3.1",
      "jest": "^23.6.0",
      "jsonwebtoken": "^8.2.0",
      "jwt-simple": "^0.5.1",
      "mongoose-unique-validator": "^2.0.0",
      "morgan": "^1.8.2",
      "passport": "^0.4.0",
      "passport-jwt": "^4.0.0",
      "passport-local": "^1.0.0",
      "path": "^0.12.7",
      "pusher": "^2.2.0",
      "ts-mocha": "^2.0.0",
      "validator": "^9.4.1",
      "mongoose": "^5.4.8"
    },
    "devDependencies": {
      "@types/chai": "^4.1.7",
      "@types/chai-http": "^3.0.5",
      "@types/express": "^4.0.36",
      "@types/lodash": "^4.14.71",
      "@types/mocha": "^5.2.5",
      "@types/node": "^8.0.17",
      "chai": "^4.2.0",
      "chai-http": "^4.2.0",
      "concurrently": "^3.5.0",
      "istanbul": "^1.0.0-alpha.2",
      "mocha": "^5.2.0",
      "nodemon": "^1.11.0",
      "nyc": "^13.1.0",
      "supertest": "^3.3.0",
      "ts-jest": "^23.10.5",
      "ts-node": "^7.0.1",
      "tsc-watch": "^1.0.17",
      "typescript": "^2.4.2"
    }
  }

yarn manifest: 
  No manifest

Lockfile: 
  No lockfile
